<?xml version="1.0" encoding="UTF-8"?>
<!-- Generated by org.testng.reporters.JUnitXMLReporter -->
<testsuite ignored="0" hostname="LAPTOP-04TAV6GP" failures="0" tests="6" name="Default test" time="11.15" errors="0" timestamp="2024-05-17T21:15:50 IST">
  <testcase classname="TestCases.TC_ReqResAPIs" name="test_listOfAllObjects" time="6.016"/>
  <testcase classname="TestCases.TC_ReqResAPIs" name="test_addObject" time="3.237"/>
  <testcase classname="TestCases.TC_ReqResAPIs" name="test_listOfObjectsById" time="0.448"/>
  <testcase classname="TestCases.TC_ReqResAPIs" name="test_updateObject" time="0.412"/>
  <testcase classname="TestCases.TC_ReqResAPIs" name="test_partiallyUpdateObject" time="0.407"/>
  <testcase classname="TestCases.TC_ReqResAPIs" name="test_deleteObject" time="0.389"/>
</testsuite> <!-- Default test -->
