<?xml version="1.0" encoding="UTF-8"?>
<testng-results ignored="0" total="6" passed="6" failed="0" skipped="0">
  <reporter-output>
  </reporter-output>
  <suite started-at="2024-05-17T21:28:12 IST" name="Suite" finished-at="2024-05-17T21:28:26 IST" duration-ms="13940">
    <groups>
    </groups>
    <test started-at="2024-05-17T21:28:12 IST" name="Test" finished-at="2024-05-17T21:28:26 IST" duration-ms="13940">
      <class name="TestCases.TC_ReqResAPIs">
        <test-method signature="test_listOfAllObjects()[pri:1, instance:TestCases.TC_ReqResAPIs@5c33f1a9]" started-at="2024-05-17T21:28:12 IST" name="test_listOfAllObjects" finished-at="2024-05-17T21:28:21 IST" duration-ms="8742" status="PASS">
          <reporter-output>
          </reporter-output>
        </test-method> <!-- test_listOfAllObjects -->
        <test-method signature="test_addObject()[pri:2, instance:TestCases.TC_ReqResAPIs@5c33f1a9]" started-at="2024-05-17T21:28:21 IST" name="test_addObject" finished-at="2024-05-17T21:28:24 IST" duration-ms="3137" status="PASS">
          <reporter-output>
          </reporter-output>
        </test-method> <!-- test_addObject -->
        <test-method signature="test_listOfObjectsById()[pri:3, instance:TestCases.TC_ReqResAPIs@5c33f1a9]" started-at="2024-05-17T21:28:24 IST" name="test_listOfObjectsById" finished-at="2024-05-17T21:28:24 IST" duration-ms="587" status="PASS">
          <reporter-output>
          </reporter-output>
        </test-method> <!-- test_listOfObjectsById -->
        <test-method signature="test_updateObject()[pri:4, instance:TestCases.TC_ReqResAPIs@5c33f1a9]" started-at="2024-05-17T21:28:24 IST" name="test_updateObject" finished-at="2024-05-17T21:28:25 IST" duration-ms="406" status="PASS">
          <reporter-output>
          </reporter-output>
        </test-method> <!-- test_updateObject -->
        <test-method signature="test_partiallyUpdateObject()[pri:5, instance:TestCases.TC_ReqResAPIs@5c33f1a9]" started-at="2024-05-17T21:28:25 IST" name="test_partiallyUpdateObject" finished-at="2024-05-17T21:28:25 IST" duration-ms="432" status="PASS">
          <reporter-output>
          </reporter-output>
        </test-method> <!-- test_partiallyUpdateObject -->
        <test-method signature="test_deleteObject()[pri:6, instance:TestCases.TC_ReqResAPIs@5c33f1a9]" started-at="2024-05-17T21:28:25 IST" name="test_deleteObject" finished-at="2024-05-17T21:28:26 IST" duration-ms="420" status="PASS">
          <reporter-output>
          </reporter-output>
        </test-method> <!-- test_deleteObject -->
      </class> <!-- TestCases.TC_ReqResAPIs -->
    </test> <!-- Test -->
  </suite> <!-- Suite -->
</testng-results>
